<?xml version="1.0" encoding="UTF-8"?>
<testng-results ignored="0" total="4" passed="3" failed="1" skipped="0">
  <reporter-output>
  </reporter-output>
  <suite started-at="2023-02-08T17:49:00 IST" name="Default suite" finished-at="2023-02-08T17:49:00 IST" duration-ms="110">
    <groups>
    </groups>
    <test started-at="2023-02-08T17:49:00 IST" name="Default test" finished-at="2023-02-08T17:49:00 IST" duration-ms="110">
      <class name="NormalSuiteNG.Normal2NG">
        <test-method is-config="true" signature="beforeSuite()[pri:0, instance:NormalSuiteNG.Normal2NG@57c758ac]" started-at="2023-02-08T17:49:00 IST" name="beforeSuite" finished-at="2023-02-08T17:49:00 IST" duration-ms="9" status="PASS">
          <reporter-output>
          </reporter-output>
        </test-method> <!-- beforeSuite -->
        <test-method is-config="true" signature="beforetest()[pri:0, instance:NormalSuiteNG.Normal2NG@57c758ac]" started-at="2023-02-08T17:49:00 IST" name="beforetest" finished-at="2023-02-08T17:49:00 IST" duration-ms="1" status="PASS">
          <reporter-output>
          </reporter-output>
        </test-method> <!-- beforetest -->
        <test-method is-config="true" signature="beforeClass2()[pri:0, instance:NormalSuiteNG.Normal2NG@57c758ac]" started-at="2023-02-08T17:49:00 IST" name="beforeClass2" finished-at="2023-02-08T17:49:00 IST" duration-ms="0" status="PASS">
          <reporter-output>
          </reporter-output>
        </test-method> <!-- beforeClass2 -->
        <test-method is-config="true" signature="beforeMethod2()[pri:0, instance:NormalSuiteNG.Normal2NG@57c758ac]" started-at="2023-02-08T17:49:00 IST" name="beforeMethod2" finished-at="2023-02-08T17:49:00 IST" duration-ms="0" status="PASS">
          <reporter-output>
          </reporter-output>
        </test-method> <!-- beforeMethod2 -->
        <test-method signature="test1()[pri:0, instance:NormalSuiteNG.Normal2NG@57c758ac]" started-at="2023-02-08T17:49:00 IST" name="test1" finished-at="2023-02-08T17:49:00 IST" duration-ms="15" status="FAIL">
          <exception class="java.lang.AssertionError">
            <message>
              <![CDATA[expected [true] but found [false]]]>
            </message>
            <full-stacktrace>
              <![CDATA[java.lang.AssertionError: expected [true] but found [false]
at org.testng.Assert.fail(Assert.java:99)
at org.testng.Assert.failNotEquals(Assert.java:1037)
at org.testng.Assert.assertTrue(Assert.java:45)
at org.testng.Assert.assertTrue(Assert.java:55)
at NormalSuiteNG.Normal2NG.test1(Normal2NG.java:47)
at java.base/jdk.internal.reflect.DirectMethodHandleAccessor.invoke(DirectMethodHandleAccessor.java:104)
at java.base/java.lang.reflect.Method.invoke(Method.java:577)
at org.testng.internal.MethodInvocationHelper.invokeMethod(MethodInvocationHelper.java:133)
at org.testng.internal.TestInvoker.invokeMethod(TestInvoker.java:598)
at org.testng.internal.TestInvoker.invokeTestMethod(TestInvoker.java:173)
at org.testng.internal.MethodRunner.runInSequence(MethodRunner.java:46)
at org.testng.internal.TestInvoker$MethodInvocationAgent.invoke(TestInvoker.java:824)
at org.testng.internal.TestInvoker.invokeTestMethods(TestInvoker.java:146)
at org.testng.internal.TestMethodWorker.invokeTestMethods(TestMethodWorker.java:146)
at org.testng.internal.TestMethodWorker.run(TestMethodWorker.java:128)
at java.base/java.util.ArrayList.forEach(ArrayList.java:1511)
at org.testng.TestRunner.privateRun(TestRunner.java:794)
at org.testng.TestRunner.run(TestRunner.java:596)
at org.testng.SuiteRunner.runTest(SuiteRunner.java:377)
at org.testng.SuiteRunner.runSequentially(SuiteRunner.java:371)
at org.testng.SuiteRunner.privateRun(SuiteRunner.java:332)
at org.testng.SuiteRunner.run(SuiteRunner.java:276)
at org.testng.SuiteRunnerWorker.runSuite(SuiteRunnerWorker.java:53)
at org.testng.SuiteRunnerWorker.run(SuiteRunnerWorker.java:96)
at org.testng.TestNG.runSuitesSequentially(TestNG.java:1212)
at org.testng.TestNG.runSuitesLocally(TestNG.java:1134)
at org.testng.TestNG.runSuites(TestNG.java:1063)
at org.testng.TestNG.run(TestNG.java:1031)
at org.testng.remote.AbstractRemoteTestNG.run(AbstractRemoteTestNG.java:115)
at org.testng.remote.RemoteTestNG.initAndRun(RemoteTestNG.java:251)
at org.testng.remote.RemoteTestNG.main(RemoteTestNG.java:77)
]]>
            </full-stacktrace>
          </exception> <!-- java.lang.AssertionError -->
          <reporter-output>
          </reporter-output>
        </test-method> <!-- test1 -->
        <test-method is-config="true" signature="afterMethod2()[pri:0, instance:NormalSuiteNG.Normal2NG@57c758ac]" started-at="2023-02-08T17:49:00 IST" name="afterMethod2" finished-at="2023-02-08T17:49:00 IST" duration-ms="1" status="PASS">
          <reporter-output>
          </reporter-output>
        </test-method> <!-- afterMethod2 -->
        <test-method is-config="true" signature="beforeMethod2()[pri:0, instance:NormalSuiteNG.Normal2NG@57c758ac]" started-at="2023-02-08T17:49:00 IST" name="beforeMethod2" finished-at="2023-02-08T17:49:00 IST" duration-ms="1" status="PASS">
          <reporter-output>
          </reporter-output>
        </test-method> <!-- beforeMethod2 -->
        <test-method signature="test2()[pri:0, instance:NormalSuiteNG.Normal2NG@57c758ac]" started-at="2023-02-08T17:49:00 IST" name="test2" finished-at="2023-02-08T17:49:00 IST" duration-ms="7" status="PASS">
          <reporter-output>
          </reporter-output>
        </test-method> <!-- test2 -->
        <test-method is-config="true" signature="afterMethod2()[pri:0, instance:NormalSuiteNG.Normal2NG@57c758ac]" started-at="2023-02-08T17:49:00 IST" name="afterMethod2" finished-at="2023-02-08T17:49:00 IST" duration-ms="0" status="PASS">
          <reporter-output>
          </reporter-output>
        </test-method> <!-- afterMethod2 -->
        <test-method is-config="true" signature="beforeMethod2()[pri:0, instance:NormalSuiteNG.Normal2NG@57c758ac]" started-at="2023-02-08T17:49:00 IST" name="beforeMethod2" finished-at="2023-02-08T17:49:00 IST" duration-ms="1" status="PASS">
          <reporter-output>
          </reporter-output>
        </test-method> <!-- beforeMethod2 -->
        <test-method signature="test3()[pri:0, instance:NormalSuiteNG.Normal2NG@57c758ac]" started-at="2023-02-08T17:49:00 IST" name="test3" finished-at="2023-02-08T17:49:00 IST" duration-ms="5" status="PASS">
          <reporter-output>
          </reporter-output>
        </test-method> <!-- test3 -->
        <test-method is-config="true" signature="afterMethod2()[pri:0, instance:NormalSuiteNG.Normal2NG@57c758ac]" started-at="2023-02-08T17:49:00 IST" name="afterMethod2" finished-at="2023-02-08T17:49:00 IST" duration-ms="2" status="PASS">
          <reporter-output>
          </reporter-output>
        </test-method> <!-- afterMethod2 -->
        <test-method is-config="true" signature="beforeMethod2()[pri:0, instance:NormalSuiteNG.Normal2NG@57c758ac]" started-at="2023-02-08T17:49:00 IST" name="beforeMethod2" finished-at="2023-02-08T17:49:00 IST" duration-ms="1" status="PASS">
          <reporter-output>
          </reporter-output>
        </test-method> <!-- beforeMethod2 -->
        <test-method signature="test4()[pri:0, instance:NormalSuiteNG.Normal2NG@57c758ac]" started-at="2023-02-08T17:49:00 IST" name="test4" finished-at="2023-02-08T17:49:00 IST" duration-ms="3" status="PASS">
          <reporter-output>
          </reporter-output>
        </test-method> <!-- test4 -->
        <test-method is-config="true" signature="afterMethod2()[pri:0, instance:NormalSuiteNG.Normal2NG@57c758ac]" started-at="2023-02-08T17:49:00 IST" name="afterMethod2" finished-at="2023-02-08T17:49:00 IST" duration-ms="1" status="PASS">
          <reporter-output>
          </reporter-output>
        </test-method> <!-- afterMethod2 -->
        <test-method is-config="true" signature="afterClass2()[pri:0, instance:NormalSuiteNG.Normal2NG@57c758ac]" started-at="2023-02-08T17:49:00 IST" name="afterClass2" finished-at="2023-02-08T17:49:00 IST" duration-ms="1" status="PASS">
          <reporter-output>
          </reporter-output>
        </test-method> <!-- afterClass2 -->
        <test-method is-config="true" signature="Aftertest()[pri:0, instance:NormalSuiteNG.Normal2NG@57c758ac]" started-at="2023-02-08T17:49:00 IST" name="Aftertest" finished-at="2023-02-08T17:49:00 IST" duration-ms="0" status="PASS">
          <reporter-output>
          </reporter-output>
        </test-method> <!-- Aftertest -->
        <test-method is-config="true" signature="afterSuite()[pri:0, instance:NormalSuiteNG.Normal2NG@57c758ac]" started-at="2023-02-08T17:49:00 IST" name="afterSuite" finished-at="2023-02-08T17:49:00 IST" duration-ms="1" status="PASS">
          <reporter-output>
          </reporter-output>
        </test-method> <!-- afterSuite -->
      </class> <!-- NormalSuiteNG.Normal2NG -->
    </test> <!-- Default test -->
  </suite> <!-- Default suite -->
</testng-results>
