<?xml version="1.0" encoding="UTF-8"?>
<!-- Generated by org.testng.reporters.JUnitXMLReporter -->
<testsuite ignored="2" hostname="DESKTOP-2IAJIC5" failures="0" tests="4" name="Test2" time="0.064" errors="0" timestamp="2023-02-03T00:05:04 IST">
  <testcase classname="NormalSuiteNG.Normal2NG" name="test3" time="0.006"/>
  <testcase classname="NormalSuiteNG.Normal2NG" name="test2" time="0.001"/>
  <testcase classname="NormalSuiteNG.NormalNG" name="test1" time="0.001"/>
  <testcase classname="NormalSuiteNG.NormalNG" name="test2" time="0.011"/>
  <testcase classname="NormalSuiteNG.Normal2NG" name="test4" time="0.0">
    <ignored/>
  </testcase> <!-- test4 -->
  <testcase classname="NormalSuiteNG.Normal2NG" name="test1" time="0.0">
    <ignored/>
  </testcase> <!-- test1 -->
</testsuite> <!-- Test2 -->
